0 info it worked if it ends with ok
1 verbose cli [ '/usr/local/bin/node',
1 verbose cli   '/usr/local/bin/npm',
1 verbose cli   'install',
1 verbose cli   'socket-io' ]
2 info using npm@2.0.0
3 info using node@v0.11.14
4 warn package.json grunt-cssimage@0.1.0 Normalized value of bugs field is an empty object. Deleted.
5 warn package.json karma-chrome-launcher@0.1.7 No README data
6 warn package.json karma-coffee-preprocessor@0.2.1 No README data
7 warn package.json karma-phantomjs-launcher@0.1.4 No README data
8 verbose readDependencies using package.json deps
9 verbose cache add [ 'socket-io', null ]
10 verbose cache add spec="socket-io" args=["socket-io",null]
11 verbose parsed spec { raw: 'socket-io',
11 verbose parsed spec   scope: null,
11 verbose parsed spec   name: 'socket-io',
11 verbose parsed spec   rawSpec: '',
11 verbose parsed spec   spec: '*',
11 verbose parsed spec   type: 'range' }
12 verbose parsed spec { raw: 'socket-io',
12 verbose parsed spec   scope: null,
12 verbose parsed spec   name: 'socket-io',
12 verbose parsed spec   rawSpec: '',
12 verbose parsed spec   spec: '*',
12 verbose parsed spec   type: 'range' }
13 verbose addNamed [ 'socket-io', '*' ]
14 verbose addNamed [ null, '*' ]
15 silly lockFile 65e09d40-socket-io socket-io@*
16 verbose lock socket-io@* /Users/verchol/.npm/65e09d40-socket-io.lock
17 silly addNameRange { name: 'socket-io', range: '*', hasData: false }
18 verbose mapToRegistry name socket-io
19 verbose mapToRegistry uri http://registry.npmjs.org/socket-io
20 verbose request on initialization, where is /socket-io
21 verbose request after pass 1, where is /socket-io
22 verbose request url raw /socket-io
23 verbose request resolving registry [ 'http://registry.npmjs.org/', './socket-io' ]
24 verbose request after pass 2, where is http://registry.npmjs.org/socket-io
25 verbose request no auth needed
26 info attempt registry request try #1 at 11:48:37
27 verbose request id b25d98d7654cb567
28 http request GET http://registry.npmjs.org/socket-io
29 http 404 http://registry.npmjs.org/socket-io
30 verbose headers { server: 'CouchDB/1.5.0 (Erlang OTP/R16B03)',
30 verbose headers   'content-type': 'application/json',
30 verbose headers   'cache-control': 'max-age=0',
30 verbose headers   'content-length': '52',
30 verbose headers   'accept-ranges': 'bytes',
30 verbose headers   date: 'Tue, 13 Jan 2015 09:48:37 GMT',
30 verbose headers   via: '1.1 varnish',
30 verbose headers   age: '0',
30 verbose headers   connection: 'close',
30 verbose headers   'x-served-by': 'cache-lcy1131-LCY',
30 verbose headers   'x-cache': 'MISS',
30 verbose headers   'x-cache-hits': '0',
30 verbose headers   'x-timer': 'S1421142517.640859,VS0,VE89' }
31 silly registry.get cb [ 404,
31 silly registry.get   { server: 'CouchDB/1.5.0 (Erlang OTP/R16B03)',
31 silly registry.get     'content-type': 'application/json',
31 silly registry.get     'cache-control': 'max-age=0',
31 silly registry.get     'content-length': '52',
31 silly registry.get     'accept-ranges': 'bytes',
31 silly registry.get     date: 'Tue, 13 Jan 2015 09:48:37 GMT',
31 silly registry.get     via: '1.1 varnish',
31 silly registry.get     age: '0',
31 silly registry.get     connection: 'close',
31 silly registry.get     'x-served-by': 'cache-lcy1131-LCY',
31 silly registry.get     'x-cache': 'MISS',
31 silly registry.get     'x-cache-hits': '0',
31 silly registry.get     'x-timer': 'S1421142517.640859,VS0,VE89' } ]
32 silly lockFile 65e09d40-socket-io socket-io@*
33 silly lockFile 65e09d40-socket-io socket-io@*
34 verbose stack Error: 404 Not Found: socket-io
34 verbose stack     at RegClient.<anonymous> (/usr/local/lib/node_modules/npm/node_modules/npm-registry-client/lib/request.js:259:14)
34 verbose stack     at Request._callback (/usr/local/lib/node_modules/npm/node_modules/npm-registry-client/lib/request.js:198:65)
34 verbose stack     at Request.self.callback (/usr/local/lib/node_modules/npm/node_modules/request/request.js:236:22)
34 verbose stack     at Request.emit (events.js:110:17)
34 verbose stack     at Request.<anonymous> (/usr/local/lib/node_modules/npm/node_modules/request/request.js:1142:14)
34 verbose stack     at Request.emit (events.js:129:20)
34 verbose stack     at IncomingMessage.<anonymous> (/usr/local/lib/node_modules/npm/node_modules/request/request.js:1096:12)
34 verbose stack     at IncomingMessage.emit (events.js:129:20)
34 verbose stack     at _stream_readable.js:907:16
34 verbose stack     at process._tickCallback (node.js:372:11)
35 verbose statusCode 404
36 verbose pkgid socket-io
37 verbose cwd /Users/verchol/dev/codefresh-io
38 error Darwin 13.4.0
39 error argv "/usr/local/bin/node" "/usr/local/bin/npm" "install" "socket-io"
40 error node v0.11.14
41 error npm  v2.0.0
42 error code E404
43 error 404 Not Found: socket-io
43 error 404
43 error 404 'socket-io' is not in the npm registry.
43 error 404 You should bug the author to publish it (or use the name yourself!)
43 error 404 It was specified as a dependency of 'code-fresh-site'
43 error 404
43 error 404 Note that you can also install from a
43 error 404 tarball, folder, http url, or git url.
44 verbose exit [ 1, true ]
